[ 2016-03-10T11:45:55+08:00 ] 127.0.0.1 /index.php?g=Admin&m=public&a=dologin
INFO: [ app_begin ] --START--
INFO: Run Behavior\ReadHtmlCacheBehavior [ RunTime:0.000000s ]
INFO: Run Behavior\CheckLangBehavior [ RunTime:0.001000s ]
INFO: [ app_begin ] --END-- [ RunTime:0.015001s ]
SQL: SHOW COLUMNS FROM `cmf_users` [ RunTime:0.0156s ]
SQL: SELECT * FROM `cmf_users` WHERE `user_login` = 'admin' LIMIT 1   [ RunTime:0.0156s ]
SQL: SHOW COLUMNS FROM `cmf_role_user` [ RunTime:0.0156s ]
SQL: SELECT `role_id` FROM cmf_role_user a INNER JOIN cmf_role as b on a.role_id =b.id  WHERE `user_id` = '1' AND `status` = 1  [ RunTime:0.0156s ]
SQL: UPDATE `cmf_users` SET `user_login`='admin',`user_pass`='###4ffcf5405ad355ea982e7b55b4248e95',`user_nicename`='admin',`user_email`='751415315@qq.com',`user_url`='',`avatar`=NULL,`sex`='0',`birthday`=NULL,`signature`=NULL,`last_login_ip`='127.0.0.1',`last_login_time`='2016-03-10 11:45:55',`create_time`='2016-03-03 09:00:57',`user_activation_key`='',`user_status`='1',`score`='0',`user_type`='1',`coin`='0',`mobile`='' WHERE `id` = '1' [ RunTime:0.0156s ]

[ 2016-03-10T11:46:40+08:00 ] 127.0.0.1 /index.php?g=Admin&m=AdminPage&a=delete&id=3
INFO: [ app_begin ] --START--
INFO: Run Behavior\ReadHtmlCacheBehavior [ RunTime:0.001000s ]
INFO: Run Behavior\CheckLangBehavior [ RunTime:0.001000s ]
INFO: [ app_begin ] --END-- [ RunTime:0.003000s ]
ERR: 无法加载控制器:AdminPage

[ 2016-03-10T12:12:58+08:00 ] 127.0.0.1 /index.php?g=Admin&m=slidecat&a=add_post
INFO: [ app_begin ] --START--
INFO: Run Behavior\ReadHtmlCacheBehavior [ RunTime:0.001000s ]
INFO: Run Behavior\CheckLangBehavior [ RunTime:0.002001s ]
INFO: [ app_begin ] --END-- [ RunTime:0.003001s ]
SQL: SHOW COLUMNS FROM `cmf_users` [ RunTime:0.0200s ]
SQL: SELECT * FROM `cmf_users` WHERE ( id=1 ) LIMIT 1   [ RunTime:0.0190s ]
SQL: SHOW COLUMNS FROM `cmf_slide_cat` [ RunTime:0.0190s ]
SQL: INSERT INTO `cmf_slide_cat` (`cat_name`,`cat_idname`,`cat_remark`) VALUES ('App前台广告','app','') [ RunTime:0.0190s ]

[ 2016-03-10T12:13:50+08:00 ] 127.0.0.1 /index.php?g=Admin&m=slide&a=add_post
INFO: [ app_begin ] --START--
INFO: Run Behavior\ReadHtmlCacheBehavior [ RunTime:0.002000s ]
INFO: Run Behavior\CheckLangBehavior [ RunTime:0.008000s ]
INFO: [ app_begin ] --END-- [ RunTime:0.011000s ]
SQL: SHOW COLUMNS FROM `cmf_users` [ RunTime:0.0140s ]
SQL: SELECT * FROM `cmf_users` WHERE ( id=1 ) LIMIT 1   [ RunTime:0.0150s ]
SQL: SHOW COLUMNS FROM `cmf_slide` [ RunTime:0.0110s ]
SQL: SHOW COLUMNS FROM `cmf_slide_cat` [ RunTime:0.0110s ]
SQL: INSERT INTO `cmf_slide` (`slide_cid`,`slide_name`,`slide_url`,`slide_des`,`slide_content`,`slide_pic`) VALUES ('1','百度广告','www.baidu.com','','','/data/upload/20160310/56e0f4788ae63.png') [ RunTime:0.0110s ]

